make: Avertissement : le fichier « Makefile » a une date de modification 4,3 s dans le futur
make[1]: Avertissement : le fichier « CMakeFiles/Makefile2 » a une date de modification 7,1 s dans le futur
make[2]: Avertissement : le fichier « CMakeFiles/geometry_msgs_generate_messages_nodejs.dir/progress.make » a une date de modification 6,1 s dans le futur
make[2]: Avertissement : le fichier « CMakeFiles/_axis_camera_generate_messages_check_deps_Axis.dir/progress.make » a une date de modification 5,1 s dans le futur
make[2]: Avertissement : le fichier « CMakeFiles/std_msgs_generate_messages_nodejs.dir/progress.make » a une date de modification 7,1 s dans le futur
make[2]: Avertissement : le fichier « CMakeFiles/axis_camera_gencfg.dir/progress.make » a une date de modification 5,1 s dans le futur
[35m[1mScanning dependencies of target geometry_msgs_generate_messages_nodejs[0m
[35m[1mScanning dependencies of target std_msgs_generate_messages_nodejs[0m
[35m[1mScanning dependencies of target axis_camera_gencfg[0m
[35m[1mScanning dependencies of target _axis_camera_generate_messages_check_deps_Axis[0m
make[2]: AVERTISSEMENT : décalage d'horloge détecté. La construction peut être incomplète.
make[2]: AVERTISSEMENT : décalage d'horloge détecté. La construction peut être incomplète.
make[2]: AVERTISSEMENT : décalage d'horloge détecté. La construction peut être incomplète.
make[2]: AVERTISSEMENT : décalage d'horloge détecté. La construction peut être incomplète.
make[2]: Avertissement : le fichier « CMakeFiles/geometry_msgs_generate_messages_nodejs.dir/progress.make » a une date de modification 6 s dans le futur
make[2]: Avertissement : le fichier « CMakeFiles/_axis_camera_generate_messages_check_deps_Axis.dir/progress.make » a une date de modification 5 s dans le futur
make[2]: Avertissement : le fichier « CMakeFiles/axis_camera_gencfg.dir/progress.make » a une date de modification 5 s dans le futur
make[2]: Avertissement : le fichier « CMakeFiles/std_msgs_generate_messages_nodejs.dir/progress.make » a une date de modification 7 s dans le futur
make[2]: AVERTISSEMENT : décalage d'horloge détecté. La construction peut être incomplète.
make[2]: AVERTISSEMENT : décalage d'horloge détecté. La construction peut être incomplète.
[  0%] Built target std_msgs_generate_messages_nodejs
[  0%] Built target geometry_msgs_generate_messages_nodejs
make[2]: Avertissement : le fichier « CMakeFiles/geometry_msgs_generate_messages_py.dir/progress.make » a une date de modification 5,9 s dans le futur
make[2]: Avertissement : le fichier « CMakeFiles/std_msgs_generate_messages_py.dir/progress.make » a une date de modification 6,9 s dans le futur
[ 12%] [34m[1mGenerating dynamic reconfigure files from cfg/PTZ.cfg: /usr/users/promo2018/masclet_hug/turtlebot/devel/.private/axis_camera/include/axis_camera/PTZConfig.h /usr/users/promo2018/masclet_hug/turtlebot/devel/.private/axis_camera/lib/python2.7/dist-packages/axis_camera/cfg/PTZConfig.py[0m
[35m[1mScanning dependencies of target geometry_msgs_generate_messages_py[0m
[35m[1mScanning dependencies of target std_msgs_generate_messages_py[0m
make[2]: AVERTISSEMENT : décalage d'horloge détecté. La construction peut être incomplète.
[ 12%] Built target _axis_camera_generate_messages_check_deps_Axis
make[2]: Avertissement : le fichier « CMakeFiles/geometry_msgs_generate_messages_lisp.dir/progress.make » a une date de modification 5,9 s dans le futur
[35m[1mScanning dependencies of target geometry_msgs_generate_messages_lisp[0m
make[2]: AVERTISSEMENT : décalage d'horloge détecté. La construction peut être incomplète.
make[2]: AVERTISSEMENT : décalage d'horloge détecté. La construction peut être incomplète.
make[2]: Avertissement : le fichier « CMakeFiles/std_msgs_generate_messages_py.dir/progress.make » a une date de modification 6,8 s dans le futur
make[2]: Avertissement : le fichier « CMakeFiles/geometry_msgs_generate_messages_py.dir/progress.make » a une date de modification 5,8 s dans le futur
make[2]: AVERTISSEMENT : décalage d'horloge détecté. La construction peut être incomplète.
make[2]: AVERTISSEMENT : décalage d'horloge détecté. La construction peut être incomplète.
[ 12%] Built target std_msgs_generate_messages_py
[ 12%] Built target geometry_msgs_generate_messages_py
make[2]: Avertissement : le fichier « CMakeFiles/geometry_msgs_generate_messages_eus.dir/progress.make » a une date de modification 5,8 s dans le futur
make[2]: Avertissement : le fichier « CMakeFiles/std_msgs_generate_messages_lisp.dir/progress.make » a une date de modification 5,8 s dans le futur
[35m[1mScanning dependencies of target geometry_msgs_generate_messages_eus[0m
[35m[1mScanning dependencies of target std_msgs_generate_messages_lisp[0m
make[2]: AVERTISSEMENT : décalage d'horloge détecté. La construction peut être incomplète.
make[2]: Avertissement : le fichier « CMakeFiles/geometry_msgs_generate_messages_lisp.dir/progress.make » a une date de modification 5,7 s dans le futur
make[2]: AVERTISSEMENT : décalage d'horloge détecté. La construction peut être incomplète.
[ 12%] Built target geometry_msgs_generate_messages_lisp
make[2]: Avertissement : le fichier « CMakeFiles/std_msgs_generate_messages_eus.dir/progress.make » a une date de modification 5,7 s dans le futur
[35m[1mScanning dependencies of target std_msgs_generate_messages_eus[0m
Generating reconfiguration files for PTZ in axis_camera
Wrote header file in /usr/users/promo2018/masclet_hug/turtlebot/devel/.private/axis_camera/include/axis_camera/PTZConfig.h
make[2]: AVERTISSEMENT : décalage d'horloge détecté. La construction peut être incomplète.
make[2]: AVERTISSEMENT : décalage d'horloge détecté. La construction peut être incomplète.
make[2]: Avertissement : le fichier « CMakeFiles/std_msgs_generate_messages_lisp.dir/progress.make » a une date de modification 4,7 s dans le futur
make[2]: Avertissement : le fichier « CMakeFiles/geometry_msgs_generate_messages_eus.dir/progress.make » a une date de modification 4,7 s dans le futur
make[2]: AVERTISSEMENT : décalage d'horloge détecté. La construction peut être incomplète.
make[2]: AVERTISSEMENT : décalage d'horloge détecté. La construction peut être incomplète.
[ 12%] Built target std_msgs_generate_messages_lisp
[ 12%] Built target geometry_msgs_generate_messages_eus
make[2]: Avertissement : le fichier « CMakeFiles/geometry_msgs_generate_messages_cpp.dir/progress.make » a une date de modification 4,7 s dans le futur
make[2]: Avertissement : le fichier « CMakeFiles/std_msgs_generate_messages_cpp.dir/progress.make » a une date de modification 4,7 s dans le futur
[35m[1mScanning dependencies of target std_msgs_generate_messages_cpp[0m
[35m[1mScanning dependencies of target geometry_msgs_generate_messages_cpp[0m
make[2]: AVERTISSEMENT : décalage d'horloge détecté. La construction peut être incomplète.
make[2]: Avertissement : le fichier « CMakeFiles/std_msgs_generate_messages_eus.dir/progress.make » a une date de modification 4,6 s dans le futur
make[2]: AVERTISSEMENT : décalage d'horloge détecté. La construction peut être incomplète.
[ 12%] Built target std_msgs_generate_messages_eus
make[2]: Avertissement : le fichier « CMakeFiles/axis_camera_generate_messages_nodejs.dir/progress.make » a une date de modification 3,5 s dans le futur
[35m[1mScanning dependencies of target axis_camera_generate_messages_nodejs[0m
make[2]: AVERTISSEMENT : décalage d'horloge détecté. La construction peut être incomplète.
make[2]: AVERTISSEMENT : décalage d'horloge détecté. La construction peut être incomplète.
make[2]: Avertissement : le fichier « CMakeFiles/std_msgs_generate_messages_cpp.dir/progress.make » a une date de modification 4,4 s dans le futur
make[2]: Avertissement : le fichier « CMakeFiles/geometry_msgs_generate_messages_cpp.dir/progress.make » a une date de modification 4,4 s dans le futur
make[2]: AVERTISSEMENT : décalage d'horloge détecté. La construction peut être incomplète.
make[2]: AVERTISSEMENT : décalage d'horloge détecté. La construction peut être incomplète.
[ 12%] Built target geometry_msgs_generate_messages_cpp
[ 12%] Built target std_msgs_generate_messages_cpp
make[2]: Avertissement : le fichier « CMakeFiles/axis_camera_generate_messages_py.dir/progress.make » a une date de modification 3,4 s dans le futur
make[2]: Avertissement : le fichier « CMakeFiles/axis_camera_generate_messages_lisp.dir/progress.make » a une date de modification 3,4 s dans le futur
[35m[1mScanning dependencies of target axis_camera_generate_messages_py[0m
[35m[1mScanning dependencies of target axis_camera_generate_messages_lisp[0m
make[2]: AVERTISSEMENT : décalage d'horloge détecté. La construction peut être incomplète.
make[2]: Avertissement : le fichier « CMakeFiles/axis_camera_generate_messages_nodejs.dir/progress.make » a une date de modification 3,3 s dans le futur
make[2]: AVERTISSEMENT : décalage d'horloge détecté. La construction peut être incomplète.
[ 25%] [34m[1mGenerating Javascript code from axis_camera/Axis.msg[0m
[ 25%] Built target axis_camera_gencfg
make[2]: Avertissement : le fichier « CMakeFiles/axis_camera_generate_messages_eus.dir/progress.make » a une date de modification 3 s dans le futur
[35m[1mScanning dependencies of target axis_camera_generate_messages_eus[0m
make[2]: AVERTISSEMENT : décalage d'horloge détecté. La construction peut être incomplète.
make[2]: Avertissement : le fichier « CMakeFiles/axis_camera_generate_messages_py.dir/progress.make » a une date de modification 2,9 s dans le futur
make[2]: AVERTISSEMENT : décalage d'horloge détecté. La construction peut être incomplète.
make[2]: Avertissement : le fichier « CMakeFiles/axis_camera_generate_messages_lisp.dir/progress.make » a une date de modification 2,9 s dans le futur
make[2]: AVERTISSEMENT : décalage d'horloge détecté. La construction peut être incomplète.
[ 50%] [34m[1mGenerating Python from MSG axis_camera/Axis[0m
[ 50%] [34m[1mGenerating Lisp code from axis_camera/Axis.msg[0m
[ 50%] Built target axis_camera_generate_messages_nodejs
make[2]: Avertissement : le fichier « CMakeFiles/axis_camera_generate_messages_cpp.dir/progress.make » a une date de modification 2,6 s dans le futur
[35m[1mScanning dependencies of target axis_camera_generate_messages_cpp[0m
make[2]: AVERTISSEMENT : décalage d'horloge détecté. La construction peut être incomplète.
make[2]: Avertissement : le fichier « CMakeFiles/axis_camera_generate_messages_eus.dir/progress.make » a une date de modification 2,6 s dans le futur
[ 62%] [34m[1mGenerating EusLisp code from axis_camera/Axis.msg[0m
make[2]: AVERTISSEMENT : décalage d'horloge détecté. La construction peut être incomplète.
[ 75%] [34m[1mGenerating Python msg __init__.py for axis_camera[0m
make[2]: Avertissement : le fichier « CMakeFiles/axis_camera_generate_messages_cpp.dir/progress.make » a une date de modification 1,7 s dans le futur
[100%] [34m[1mGenerating EusLisp manifest code for axis_camera[0m
make[2]: AVERTISSEMENT : décalage d'horloge détecté. La construction peut être incomplète.
make[2]: AVERTISSEMENT : décalage d'horloge détecté. La construction peut être incomplète.
[100%] [34m[1mGenerating C++ code from axis_camera/Axis.msg[0m
WARNING: Catkin package name "turtleTrack" does not follow the naming conventions. It should start with a lower case letter and only contain lower case letters, digits, and underscores.
[100%] Built target axis_camera_generate_messages_lisp
make[2]: AVERTISSEMENT : décalage d'horloge détecté. La construction peut être incomplète.
[100%] Built target axis_camera_generate_messages_py
[100%] Built target axis_camera_generate_messages_cpp
WARNING: Catkin package name "turtleTrack" does not follow the naming conventions. It should start with a lower case letter and only contain lower case letters, digits, and underscores.
make[2]: AVERTISSEMENT : décalage d'horloge détecté. La construction peut être incomplète.
[100%] Built target axis_camera_generate_messages_eus
[35m[1mScanning dependencies of target axis_camera_generate_messages[0m
[100%] Built target axis_camera_generate_messages
make[1]: AVERTISSEMENT : décalage d'horloge détecté. La construction peut être incomplète.
make: AVERTISSEMENT : décalage d'horloge détecté. La construction peut être incomplète.
