make[1]: Avertissement : le fichier « CMakeFiles/Makefile2 » a une date de modification 0,54 s dans le futur
[35m[1mScanning dependencies of target geometry_msgs_generate_messages_nodejs[0m
[35m[1mScanning dependencies of target std_msgs_generate_messages_nodejs[0m
[35m[1mScanning dependencies of target _axis_camera_generate_messages_check_deps_Axis[0m
[35m[1mScanning dependencies of target axis_camera_gencfg[0m
[  0%] Built target geometry_msgs_generate_messages_nodejs
[  0%] Built target std_msgs_generate_messages_nodejs
[ 12%] [34m[1mGenerating dynamic reconfigure files from cfg/PTZ.cfg: /usr/users/promo2017/deferrieresd_hug/ros-ws/devel/.private/axis_camera/include/axis_camera/PTZConfig.h /usr/users/promo2017/deferrieresd_hug/ros-ws/devel/.private/axis_camera/lib/python2.7/dist-packages/axis_camera/cfg/PTZConfig.py[0m
[35m[1mScanning dependencies of target geometry_msgs_generate_messages_py[0m
[35m[1mScanning dependencies of target std_msgs_generate_messages_py[0m
[ 12%] Built target _axis_camera_generate_messages_check_deps_Axis
[35m[1mScanning dependencies of target geometry_msgs_generate_messages_lisp[0m
[ 12%] Built target geometry_msgs_generate_messages_py
[35m[1mScanning dependencies of target std_msgs_generate_messages_lisp[0m
[ 12%] Built target std_msgs_generate_messages_py
[ 12%] Built target geometry_msgs_generate_messages_lisp
[35m[1mScanning dependencies of target geometry_msgs_generate_messages_eus[0m
Generating reconfiguration files for PTZ in axis_camera
[35m[1mScanning dependencies of target std_msgs_generate_messages_eus[0m
[ 12%] Built target std_msgs_generate_messages_lisp
Wrote header file in /usr/users/promo2017/deferrieresd_hug/ros-ws/devel/.private/axis_camera/include/axis_camera/PTZConfig.h
[35m[1mScanning dependencies of target geometry_msgs_generate_messages_cpp[0m
[ 12%] Built target geometry_msgs_generate_messages_eus
[ 12%] Built target std_msgs_generate_messages_eus
[35m[1mScanning dependencies of target std_msgs_generate_messages_cpp[0m
[35m[1mScanning dependencies of target axis_camera_generate_messages_nodejs[0m
[ 12%] Built target geometry_msgs_generate_messages_cpp
[35m[1mScanning dependencies of target axis_camera_generate_messages_py[0m
[ 12%] Built target std_msgs_generate_messages_cpp
[ 25%] [34m[1mGenerating Javascript code from axis_camera/Axis.msg[0m
[35m[1mScanning dependencies of target axis_camera_generate_messages_lisp[0m
[ 25%] Built target axis_camera_gencfg
[35m[1mScanning dependencies of target axis_camera_generate_messages_eus[0m
[ 37%] [34m[1mGenerating Python from MSG axis_camera/Axis[0m
[ 50%] [34m[1mGenerating Lisp code from axis_camera/Axis.msg[0m
[ 50%] Built target axis_camera_generate_messages_nodejs
[35m[1mScanning dependencies of target axis_camera_generate_messages_cpp[0m
[ 62%] [34m[1mGenerating EusLisp code from axis_camera/Axis.msg[0m
[100%] [34m[1mGenerating C++ code from axis_camera/Axis.msg[0m
[100%] [34m[1mGenerating EusLisp manifest code for axis_camera[0m
[100%] [34m[1mGenerating Python msg __init__.py for axis_camera[0m
[100%] Built target axis_camera_generate_messages_lisp
WARNING: Catkin package name "turtleTrack" does not follow the naming conventions. It should start with a lower case letter and only contain lower case letters, digits, and underscores.
[100%] Built target axis_camera_generate_messages_py
[100%] Built target axis_camera_generate_messages_cpp
WARNING: Catkin package name "turtleTrack" does not follow the naming conventions. It should start with a lower case letter and only contain lower case letters, digits, and underscores.
[100%] Built target axis_camera_generate_messages_eus
[35m[1mScanning dependencies of target axis_camera_generate_messages[0m
[100%] Built target axis_camera_generate_messages
make[1]: AVERTISSEMENT : décalage d'horloge détecté. La construction peut être incomplète.
