make: Avertissement : le fichier « Makefile » a une date de modification 4,3 s dans le futur
make[1]: Avertissement : le fichier « CMakeFiles/Makefile2 » a une date de modification 7,1 s dans le futur
make[2]: Avertissement : le fichier « CMakeFiles/geometry_msgs_generate_messages_nodejs.dir/progress.make » a une date de modification 6,1 s dans le futur
make[2]: Avertissement : le fichier « CMakeFiles/_axis_camera_generate_messages_check_deps_Axis.dir/progress.make » a une date de modification 5,1 s dans le futur
make[2]: Avertissement : le fichier « CMakeFiles/std_msgs_generate_messages_nodejs.dir/progress.make » a une date de modification 7,1 s dans le futur
make[2]: Avertissement : le fichier « CMakeFiles/axis_camera_gencfg.dir/progress.make » a une date de modification 5,1 s dans le futur
make[2]: AVERTISSEMENT : décalage d'horloge détecté. La construction peut être incomplète.
make[2]: AVERTISSEMENT : décalage d'horloge détecté. La construction peut être incomplète.
make[2]: AVERTISSEMENT : décalage d'horloge détecté. La construction peut être incomplète.
make[2]: AVERTISSEMENT : décalage d'horloge détecté. La construction peut être incomplète.
make[2]: Avertissement : le fichier « CMakeFiles/geometry_msgs_generate_messages_nodejs.dir/progress.make » a une date de modification 6 s dans le futur
make[2]: Avertissement : le fichier « CMakeFiles/_axis_camera_generate_messages_check_deps_Axis.dir/progress.make » a une date de modification 5 s dans le futur
make[2]: Avertissement : le fichier « CMakeFiles/axis_camera_gencfg.dir/progress.make » a une date de modification 5 s dans le futur
make[2]: Avertissement : le fichier « CMakeFiles/std_msgs_generate_messages_nodejs.dir/progress.make » a une date de modification 7 s dans le futur
make[2]: AVERTISSEMENT : décalage d'horloge détecté. La construction peut être incomplète.
make[2]: AVERTISSEMENT : décalage d'horloge détecté. La construction peut être incomplète.
make[2]: Avertissement : le fichier « CMakeFiles/geometry_msgs_generate_messages_py.dir/progress.make » a une date de modification 5,9 s dans le futur
make[2]: Avertissement : le fichier « CMakeFiles/std_msgs_generate_messages_py.dir/progress.make » a une date de modification 6,9 s dans le futur
make[2]: AVERTISSEMENT : décalage d'horloge détecté. La construction peut être incomplète.
make[2]: Avertissement : le fichier « CMakeFiles/geometry_msgs_generate_messages_lisp.dir/progress.make » a une date de modification 5,9 s dans le futur
make[2]: AVERTISSEMENT : décalage d'horloge détecté. La construction peut être incomplète.
make[2]: AVERTISSEMENT : décalage d'horloge détecté. La construction peut être incomplète.
make[2]: Avertissement : le fichier « CMakeFiles/std_msgs_generate_messages_py.dir/progress.make » a une date de modification 6,8 s dans le futur
make[2]: Avertissement : le fichier « CMakeFiles/geometry_msgs_generate_messages_py.dir/progress.make » a une date de modification 5,8 s dans le futur
make[2]: AVERTISSEMENT : décalage d'horloge détecté. La construction peut être incomplète.
make[2]: AVERTISSEMENT : décalage d'horloge détecté. La construction peut être incomplète.
make[2]: Avertissement : le fichier « CMakeFiles/geometry_msgs_generate_messages_eus.dir/progress.make » a une date de modification 5,8 s dans le futur
make[2]: Avertissement : le fichier « CMakeFiles/std_msgs_generate_messages_lisp.dir/progress.make » a une date de modification 5,8 s dans le futur
make[2]: AVERTISSEMENT : décalage d'horloge détecté. La construction peut être incomplète.
make[2]: Avertissement : le fichier « CMakeFiles/geometry_msgs_generate_messages_lisp.dir/progress.make » a une date de modification 5,7 s dans le futur
make[2]: AVERTISSEMENT : décalage d'horloge détecté. La construction peut être incomplète.
make[2]: Avertissement : le fichier « CMakeFiles/std_msgs_generate_messages_eus.dir/progress.make » a une date de modification 5,7 s dans le futur
make[2]: AVERTISSEMENT : décalage d'horloge détecté. La construction peut être incomplète.
make[2]: AVERTISSEMENT : décalage d'horloge détecté. La construction peut être incomplète.
make[2]: Avertissement : le fichier « CMakeFiles/std_msgs_generate_messages_lisp.dir/progress.make » a une date de modification 4,7 s dans le futur
make[2]: Avertissement : le fichier « CMakeFiles/geometry_msgs_generate_messages_eus.dir/progress.make » a une date de modification 4,7 s dans le futur
make[2]: AVERTISSEMENT : décalage d'horloge détecté. La construction peut être incomplète.
make[2]: AVERTISSEMENT : décalage d'horloge détecté. La construction peut être incomplète.
make[2]: Avertissement : le fichier « CMakeFiles/geometry_msgs_generate_messages_cpp.dir/progress.make » a une date de modification 4,7 s dans le futur
make[2]: Avertissement : le fichier « CMakeFiles/std_msgs_generate_messages_cpp.dir/progress.make » a une date de modification 4,7 s dans le futur
make[2]: AVERTISSEMENT : décalage d'horloge détecté. La construction peut être incomplète.
make[2]: Avertissement : le fichier « CMakeFiles/std_msgs_generate_messages_eus.dir/progress.make » a une date de modification 4,6 s dans le futur
make[2]: AVERTISSEMENT : décalage d'horloge détecté. La construction peut être incomplète.
make[2]: Avertissement : le fichier « CMakeFiles/axis_camera_generate_messages_nodejs.dir/progress.make » a une date de modification 3,5 s dans le futur
make[2]: AVERTISSEMENT : décalage d'horloge détecté. La construction peut être incomplète.
make[2]: AVERTISSEMENT : décalage d'horloge détecté. La construction peut être incomplète.
make[2]: Avertissement : le fichier « CMakeFiles/std_msgs_generate_messages_cpp.dir/progress.make » a une date de modification 4,4 s dans le futur
make[2]: Avertissement : le fichier « CMakeFiles/geometry_msgs_generate_messages_cpp.dir/progress.make » a une date de modification 4,4 s dans le futur
make[2]: AVERTISSEMENT : décalage d'horloge détecté. La construction peut être incomplète.
make[2]: AVERTISSEMENT : décalage d'horloge détecté. La construction peut être incomplète.
make[2]: Avertissement : le fichier « CMakeFiles/axis_camera_generate_messages_py.dir/progress.make » a une date de modification 3,4 s dans le futur
make[2]: Avertissement : le fichier « CMakeFiles/axis_camera_generate_messages_lisp.dir/progress.make » a une date de modification 3,4 s dans le futur
make[2]: AVERTISSEMENT : décalage d'horloge détecté. La construction peut être incomplète.
make[2]: Avertissement : le fichier « CMakeFiles/axis_camera_generate_messages_nodejs.dir/progress.make » a une date de modification 3,3 s dans le futur
make[2]: AVERTISSEMENT : décalage d'horloge détecté. La construction peut être incomplète.
make[2]: Avertissement : le fichier « CMakeFiles/axis_camera_generate_messages_eus.dir/progress.make » a une date de modification 3 s dans le futur
make[2]: AVERTISSEMENT : décalage d'horloge détecté. La construction peut être incomplète.
make[2]: Avertissement : le fichier « CMakeFiles/axis_camera_generate_messages_py.dir/progress.make » a une date de modification 2,9 s dans le futur
make[2]: AVERTISSEMENT : décalage d'horloge détecté. La construction peut être incomplète.
make[2]: Avertissement : le fichier « CMakeFiles/axis_camera_generate_messages_lisp.dir/progress.make » a une date de modification 2,9 s dans le futur
make[2]: AVERTISSEMENT : décalage d'horloge détecté. La construction peut être incomplète.
make[2]: Avertissement : le fichier « CMakeFiles/axis_camera_generate_messages_cpp.dir/progress.make » a une date de modification 2,6 s dans le futur
make[2]: AVERTISSEMENT : décalage d'horloge détecté. La construction peut être incomplète.
make[2]: Avertissement : le fichier « CMakeFiles/axis_camera_generate_messages_eus.dir/progress.make » a une date de modification 2,6 s dans le futur
make[2]: AVERTISSEMENT : décalage d'horloge détecté. La construction peut être incomplète.
make[2]: Avertissement : le fichier « CMakeFiles/axis_camera_generate_messages_cpp.dir/progress.make » a une date de modification 1,7 s dans le futur
make[2]: AVERTISSEMENT : décalage d'horloge détecté. La construction peut être incomplète.
make[2]: AVERTISSEMENT : décalage d'horloge détecté. La construction peut être incomplète.
WARNING: Catkin package name "turtleTrack" does not follow the naming conventions. It should start with a lower case letter and only contain lower case letters, digits, and underscores.
make[2]: AVERTISSEMENT : décalage d'horloge détecté. La construction peut être incomplète.
WARNING: Catkin package name "turtleTrack" does not follow the naming conventions. It should start with a lower case letter and only contain lower case letters, digits, and underscores.
make[2]: AVERTISSEMENT : décalage d'horloge détecté. La construction peut être incomplète.
make[1]: AVERTISSEMENT : décalage d'horloge détecté. La construction peut être incomplète.
make: AVERTISSEMENT : décalage d'horloge détecté. La construction peut être incomplète.
