Symlinking /usr/users/promo2018/masclet_hug/turtlebot/devel/share/axis_camera/cmake/axis_cameraConfig-version.cmake
Symlinking /usr/users/promo2018/masclet_hug/turtlebot/devel/share/axis_camera/cmake/axis_camera-msg-paths.cmake
Symlinking /usr/users/promo2018/masclet_hug/turtlebot/devel/share/axis_camera/cmake/axis_camera-msg-extras.cmake
Symlinking /usr/users/promo2018/masclet_hug/turtlebot/devel/share/axis_camera/cmake/axis_cameraConfig.cmake
Symlinking /usr/users/promo2018/masclet_hug/turtlebot/devel/share/axis_camera/docs/PTZConfig.dox
Symlinking /usr/users/promo2018/masclet_hug/turtlebot/devel/share/axis_camera/docs/PTZConfig.wikidoc
Symlinking /usr/users/promo2018/masclet_hug/turtlebot/devel/share/axis_camera/docs/PTZConfig-usage.dox
Symlinking /usr/users/promo2018/masclet_hug/turtlebot/devel/share/roseus/ros/axis_camera/manifest.l
Symlinking /usr/users/promo2018/masclet_hug/turtlebot/devel/share/roseus/ros/axis_camera/msg/Axis.l
Symlinking /usr/users/promo2018/masclet_hug/turtlebot/devel/share/common-lisp/ros/axis_camera/msg/Axis.lisp
Symlinking /usr/users/promo2018/masclet_hug/turtlebot/devel/share/common-lisp/ros/axis_camera/msg/_package_Axis.lisp
Symlinking /usr/users/promo2018/masclet_hug/turtlebot/devel/share/common-lisp/ros/axis_camera/msg/_package.lisp
Symlinking /usr/users/promo2018/masclet_hug/turtlebot/devel/share/common-lisp/ros/axis_camera/msg/axis_camera-msg.asd
Symlinking /usr/users/promo2018/masclet_hug/turtlebot/devel/share/gennodejs/ros/axis_camera/_index.js
Symlinking /usr/users/promo2018/masclet_hug/turtlebot/devel/share/gennodejs/ros/axis_camera/msg/Axis.js
Symlinking /usr/users/promo2018/masclet_hug/turtlebot/devel/share/gennodejs/ros/axis_camera/msg/_index.js
Symlinking /usr/users/promo2018/masclet_hug/turtlebot/devel/include/axis_camera/PTZConfig.h
Symlinking /usr/users/promo2018/masclet_hug/turtlebot/devel/include/axis_camera/Axis.h
Symlinking /usr/users/promo2018/masclet_hug/turtlebot/devel/lib/python2.7/dist-packages/axis_camera/__init__.py
Symlinking /usr/users/promo2018/masclet_hug/turtlebot/devel/lib/python2.7/dist-packages/axis_camera/msg/_Axis.py
Symlinking /usr/users/promo2018/masclet_hug/turtlebot/devel/lib/python2.7/dist-packages/axis_camera/msg/__init__.py
Symlinking /usr/users/promo2018/masclet_hug/turtlebot/devel/lib/python2.7/dist-packages/axis_camera/cfg/__init__.py
Symlinking /usr/users/promo2018/masclet_hug/turtlebot/devel/lib/python2.7/dist-packages/axis_camera/cfg/PTZConfig.py
Symlinking /usr/users/promo2018/masclet_hug/turtlebot/devel/lib/pkgconfig/axis_camera.pc
